2025-11-22 10:11:09.517  9308-9308  ActivityThread          com...e.android.webview:webview_apk  D  Package [com.focuslock] reported as REPLACED, but missing application info. Assuming REMOVED.
2025-11-22 10:11:09.517  9308-9308  ActivityThread          com...e.android.webview:webview_apk  D  Package [com.focuslock] reported as REPLACED, but missing application info. Assuming REMOVED.
2025-11-22 10:11:09.518  9308-9308  ActivityThread          com...e.android.webview:webview_apk  D  Package [com.focuslock] reported as REPLACED, but missing application info. Assuming REMOVED.
2025-11-22 10:11:09.518  9308-9308  ActivityThread          com...e.android.webview:webview_apk  D  Package [com.focuslock] reported as REPLACED, but missing application info. Assuming REMOVED.
2025-11-22 10:11:09.549  9308-9308  ActivityThread          com...e.android.webview:webview_apk  D  Package [com.focuslock] reported as REPLACED, but missing application info. Assuming REMOVED.
2025-11-22 10:11:09.549  9308-9308  ActivityThread          com...e.android.webview:webview_apk  D  Package [com.focuslock] reported as REPLACED, but missing application info. Assuming REMOVED.
2025-11-22 10:11:09.551  9308-9308  ActivityThread          com...e.android.webview:webview_apk  D  Package [com.focuslock] reported as REPLACED, but missing application info. Assuming REMOVED.
2025-11-22 10:11:09.551  9308-9308  ActivityThread          com...e.android.webview:webview_apk  D  Package [com.focuslock] reported as REPLACED, but missing application info. Assuming REMOVED.
2025-11-22 10:11:10.190 21818-21851 LockOverlaySvc          com.focuslock                        D  Evaluating now=02:11:10 tempActive=false scheduleActive=true overlay=hidden enabledCount=1 foreground=com.google.android.gm whitelisted=true
2025-11-22 10:11:10.190 21818-21851 LockOverlaySvc          com.focuslock                        D  Foreground app is whitelisted, suppressing overlay
2025-11-22 10:11:11.194 21818-21851 LockOverlaySvc          com.focuslock                        D  Evaluating now=02:11:11 tempActive=false scheduleActive=true overlay=hidden enabledCount=1 foreground=com.google.android.apps.nexuslauncher whitelisted=false
2025-11-22 10:11:11.204   716-1852  CoreBackPreview         system_server                        D  Window{75fbd1b u0 com.focuslock}: Setting back callback OnBackInvokedCallbackInfo{mCallback=android.window.IOnBackInvokedCallback$Stub$Proxy@d72d582, mPriority=0, mIsAnimationCallback=false, mOverrideBehavior=0}
2025-11-22 10:11:11.289   716-845   ImeTracker              system_server                        I  com.focuslock:4b000ec8: onRequestHide at ORIGIN_SERVER reason HIDE_UNSPECIFIED_WINDOW fromUser false
2025-11-22 10:11:11.292 21818-21818 InsetsController        com.focuslock                        D  hide(ime(), fromIme=false)
2025-11-22 10:11:11.292 21818-21818 ImeTracker              com.focuslock                        I  com.focuslock:4b000ec8: onCancelled at PHASE_CLIENT_ALREADY_HIDDEN
2025-11-22 10:11:11.305  1391-1391  GoogleInpu...hodService com...gle.android.inputmethod.latin  I  GoogleInputMethodService.onStartInput():1293 onStartInput(EditorInfo{EditorInfo{packageName=com.focuslock, inputType=0, inputTypeString=NULL, enableLearning=false, autoCorrection=false, autoComplete=false, imeOptions=0, privateImeOptions=null, actionName=UNSPECIFIED, actionLabel=null, initialSelStart=-1, initialSelEnd=-1, initialCapsMode=0, label=null, fieldId=0, fieldName=null, extras=null, hintText=null, hintLocales=[]}}, false)
2025-11-22 10:11:11.312   716-1850  PackageConfigPersister  system_server                        W  App-specific configuration not found for packageName: com.focuslock and userId: 0
2025-11-22 10:11:12.196 21818-21851 LockOverlaySvc          com.focuslock                        D  Evaluating now=02:11:12 tempActive=false scheduleActive=true overlay=visible enabledCount=1 foreground=com.google.android.gm whitelisted=true
2025-11-22 10:11:12.196 21818-21851 LockOverlaySvc          com.focuslock                        D  Foreground app is whitelisted, suppressing overlay
2025-11-22 10:11:12.197 21818-21818 WindowOnBackDispatcher  com.focuslock                        W  sendCancelIfRunning: isInProgress=false callback=android.view.ViewRootImpl$$ExternalSyntheticLambda13@ade4753
2025-11-22 10:11:12.198   716-1848  CoreBackPreview         system_server                        D  Window{75fbd1b u0 com.focuslock}: Setting back callback null
2025-11-22 10:11:13.200 21818-21851 LockOverlaySvc          com.focuslock                        D  Evaluating now=02:11:13 tempActive=false scheduleActive=true overlay=hidden enabledCount=1 foreground=com.google.android.gm whitelisted=true
2025-11-22 10:11:13.200 21818-21851 LockOverlaySvc          com.focuslock                        D  Foreground app is whitelisted, suppressing overlay
2025-11-22 10:11:14.203 21818-21851 LockOverlaySvc          com.focuslock                        D  Evaluating now=02:11:14 tempActive=false scheduleActive=true overlay=hidden enabledCount=1 foreground=com.google.android.gm whitelisted=true
2025-11-22 10:11:14.203 21818-21851 LockOverlaySvc          com.focuslock                        D  Foreground app is whitelisted, suppressing overlay
2025-11-22 10:11:15.207 21818-21851 LockOverlaySvc          com.focuslock                        D  Evaluating now=02:11:15 tempActive=false scheduleActive=true overlay=hidden enabledCount=1 foreground=com.google.android.gm whitelisted=true
2025-11-22 10:11:15.207 21818-21851 LockOverlaySvc          com.focuslock                        D  Foreground app is whitelisted, suppressing overlay
2025-11-22 10:11:16.209 21818-21851 LockOverlaySvc          com.focuslock                        D  Evaluating now=02:11:16 tempActive=false scheduleActive=true overlay=hidden enabledCount=1 foreground=com.google.android.gm whitelisted=true
2025-11-22 10:11:16.209 21818-21851 LockOverlaySvc          com.focuslock                        D  Foreground app is whitelisted, suppressing overlay
2025-11-22 10:11:17.212 21818-21851 LockOverlaySvc          com.focuslock                        D  Evaluating now=02:11:17 tempActive=false scheduleActive=t